This is pdfTeX, Version 3.141592653-2.6-1.40.23 (TeX Live 2021/Arch Linux) (preloaded format=pdflatex 2022.1.18)  17 MAR 2022 12:02
entering extended mode
 \write18 enabled.
 %&-line parsing enabled.
**/home/samclercky/Documenten/projects/CoderDojoLessen/latex/master.tex
(/home/samclercky/Documenten/projects/CoderDojoLessen/latex/master.tex
LaTeX2e <2021-11-15> patch level 1
L3 programming layer <2021-11-22>
(/usr/share/texmf-dist/tex/latex/base/book.cls
Document Class: book 2021/10/04 v1.4n Standard LaTeX document class
(/usr/share/texmf-dist/tex/latex/base/bk12.clo
File: bk12.clo 2021/10/04 v1.4n Standard LaTeX file (size option)
)
\c@part=\count183
\c@chapter=\count184
\c@section=\count185
\c@subsection=\count186
\c@subsubsection=\count187
\c@paragraph=\count188
\c@subparagraph=\count189
\c@figure=\count190
\c@table=\count191
\abovecaptionskip=\skip47
\belowcaptionskip=\skip48
\bibindent=\dimen138
)

LaTeX Warning: \include should only be used after \begin{document} on input lin
e 3.

(./preamble.tex (/usr/share/texmf-dist/tex/generic/babel/babel.sty
Package: babel 2021/11/29 3.67 The Babel package
\babel@savecnt=\count192
\U@D=\dimen139
\l@unhyphenated=\language87

(/usr/share/texmf-dist/tex/generic/babel/txtbabel.def)
\bbl@readstream=\read2
\bbl@dirlevel=\count193

(/usr/share/texmf-dist/tex/generic/babel-dutch/dutch.ldf
Language: dutch 2021/08/29 v3.8l Dutch support from the babel system
Package babel Info: Making " an active character on input line 127.
))
(/usr/share/texmf-dist/tex/latex/amsmath/amsmath.sty
Package: amsmath 2021/10/15 v2.17l AMS math features
\@mathmargin=\skip49

For additional information on amsmath, use the `?' option.
(/usr/share/texmf-dist/tex/latex/amsmath/amstext.sty
Package: amstext 2021/08/26 v2.01 AMS text

(/usr/share/texmf-dist/tex/latex/amsmath/amsgen.sty
File: amsgen.sty 1999/11/30 v2.0 generic functions
\@emptytoks=\toks16
\ex@=\dimen140
))
(/usr/share/texmf-dist/tex/latex/amsmath/amsbsy.sty
Package: amsbsy 1999/11/29 v1.2d Bold Symbols
\pmbraise@=\dimen141
)
(/usr/share/texmf-dist/tex/latex/amsmath/amsopn.sty
Package: amsopn 2021/08/26 v2.02 operator names
)
\inf@bad=\count194
LaTeX Info: Redefining \frac on input line 234.
\uproot@=\count195
\leftroot@=\count196
LaTeX Info: Redefining \overline on input line 399.
\classnum@=\count197
\DOTSCASE@=\count198
LaTeX Info: Redefining \ldots on input line 496.
LaTeX Info: Redefining \dots on input line 499.
LaTeX Info: Redefining \cdots on input line 620.
\Mathstrutbox@=\box50
\strutbox@=\box51
\big@size=\dimen142
LaTeX Font Info:    Redeclaring font encoding OML on input line 743.
LaTeX Font Info:    Redeclaring font encoding OMS on input line 744.
\macc@depth=\count199
\c@MaxMatrixCols=\count266
\dotsspace@=\muskip16
\c@parentequation=\count267
\dspbrk@lvl=\count268
\tag@help=\toks17
\row@=\count269
\column@=\count270
\maxfields@=\count271
\andhelp@=\toks18
\eqnshift@=\dimen143
\alignsep@=\dimen144
\tagshift@=\dimen145
\tagwidth@=\dimen146
\totwidth@=\dimen147
\lineht@=\dimen148
\@envbody=\toks19
\multlinegap=\skip50
\multlinetaggap=\skip51
\mathdisplay@stack=\toks20
LaTeX Info: Redefining \[ on input line 2938.
LaTeX Info: Redefining \] on input line 2939.
)
(/usr/share/texmf-dist/tex/latex/amsfonts/amssymb.sty
Package: amssymb 2013/01/14 v3.01 AMS font symbols

(/usr/share/texmf-dist/tex/latex/amsfonts/amsfonts.sty
Package: amsfonts 2013/01/14 v3.01 Basic AMSFonts support
\symAMSa=\mathgroup4
\symAMSb=\mathgroup5
LaTeX Font Info:    Redeclaring math symbol \hbar on input line 98.
LaTeX Font Info:    Overwriting math alphabet `\mathfrak' in version `bold'
(Font)                  U/euf/m/n --> U/euf/b/n on input line 106.
))
(/usr/share/texmf-dist/tex/latex/physics/physics.sty
Package: physics 

(/usr/share/texmf-dist/tex/latex/l3packages/xparse/xparse.sty
(/usr/share/texmf-dist/tex/latex/l3kernel/expl3.sty
Package: expl3 2021-11-22 L3 programming layer (loader) 

(/usr/share/texmf-dist/tex/latex/l3backend/l3backend-pdftex.def
File: l3backend-pdftex.def 2021-12-14 L3 backend support: PDF output (pdfTeX)
\l__color_backend_stack_int=\count272
\l__pdf_internal_box=\box52
))
Package: xparse 2021-11-12 L3 Experimental document command parser
))
(/usr/share/texmf-dist/tex/latex/import/import.sty
Package: import 2020/04/01  v 6.2
)
(/usr/share/texmf-dist/tex/latex/pdfpages/pdfpages.sty
Package: pdfpages 2021/03/06 v0.5t Insert pages of external PDF documents (AM)

(/usr/share/texmf-dist/tex/latex/base/ifthen.sty
Package: ifthen 2020/11/24 v1.1c Standard LaTeX ifthen package (DPC)
)
(/usr/share/texmf-dist/tex/latex/tools/calc.sty
Package: calc 2017/05/25 v4.3 Infix arithmetic (KKT,FJ)
\calc@Acount=\count273
\calc@Bcount=\count274
\calc@Adimen=\dimen149
\calc@Bdimen=\dimen150
\calc@Askip=\skip52
\calc@Bskip=\skip53
LaTeX Info: Redefining \setlength on input line 80.
LaTeX Info: Redefining \addtolength on input line 81.
\calc@Ccount=\count275
\calc@Cskip=\skip54
)
(/usr/share/texmf-dist/tex/latex/eso-pic/eso-pic.sty
Package: eso-pic 2020/10/14 v3.0a eso-pic (RN)
\ESO@tempdima=\dimen151
\ESO@tempdimb=\dimen152

(/usr/share/texmf-dist/tex/latex/graphics/keyval.sty
Package: keyval 2014/10/28 v1.15 key=value parser (DPC)
\KV@toks@=\toks21
)
(/usr/share/texmf-dist/tex/latex/xcolor/xcolor.sty
Package: xcolor 2021/10/31 v2.13 LaTeX color extensions (UK)

(/usr/share/texmf-dist/tex/latex/graphics-cfg/color.cfg
File: color.cfg 2016/01/02 v1.6 sample color configuration
)
Package xcolor Info: Driver file: pdftex.def on input line 227.

(/usr/share/texmf-dist/tex/latex/graphics-def/pdftex.def
File: pdftex.def 2020/10/05 v1.2a Graphics/color driver for pdftex
)
Package xcolor Info: Model `cmy' substituted by `cmy0' on input line 1352.
Package xcolor Info: Model `hsb' substituted by `rgb' on input line 1356.
Package xcolor Info: Model `RGB' extended on input line 1368.
Package xcolor Info: Model `HTML' substituted by `rgb' on input line 1370.
Package xcolor Info: Model `Hsb' substituted by `hsb' on input line 1371.
Package xcolor Info: Model `tHsb' substituted by `hsb' on input line 1372.
Package xcolor Info: Model `HSB' substituted by `hsb' on input line 1373.
Package xcolor Info: Model `Gray' substituted by `gray' on input line 1374.
Package xcolor Info: Model `wave' substituted by `hsb' on input line 1375.
))
(/usr/share/texmf-dist/tex/latex/graphics/graphicx.sty
Package: graphicx 2021/09/16 v1.2d Enhanced LaTeX Graphics (DPC,SPQR)

(/usr/share/texmf-dist/tex/latex/graphics/graphics.sty
Package: graphics 2021/03/04 v1.4d Standard LaTeX Graphics (DPC,SPQR)

(/usr/share/texmf-dist/tex/latex/graphics/trig.sty
Package: trig 2021/08/11 v1.11 sin cos tan (DPC)
)
(/usr/share/texmf-dist/tex/latex/graphics-cfg/graphics.cfg
File: graphics.cfg 2016/06/04 v1.11 sample graphics configuration
)
Package graphics Info: Driver file: pdftex.def on input line 107.
)
\Gin@req@height=\dimen153
\Gin@req@width=\dimen154
)
\AM@pagewidth=\dimen155
\AM@pageheight=\dimen156
\AM@fboxrule=\dimen157

(/usr/share/texmf-dist/tex/latex/pdfpages/pppdftex.def
File: pppdftex.def 2021/03/06 v0.5t Pdfpages driver for pdfTeX (AM)
)
\pdfpages@includegraphics@status=\count276
\AM@pagebox=\box53
\AM@global@opts=\toks22
\AM@pagecnt=\count277
\AM@toc@title=\toks23
\c@AM@survey=\count278
\AM@templatesizebox=\box54
)
(/usr/share/texmf-dist/tex/latex/transparent/transparent.sty
Package: transparent 2019/11/29 v1.4 Transparency via pdfTeX's color stack (HO)


(/usr/share/texmf-dist/tex/generic/iftex/iftex.sty
Package: iftex 2020/03/06 v1.0d TeX engine tests
)
(/usr/share/texmf-dist/tex/latex/auxhook/auxhook.sty
Package: auxhook 2019-12-17 v1.6 Hooks for auxiliary files (HO)
))
(/usr/share/texmf-dist/tex/generic/ulem/ulem.sty
\UL@box=\box55
\UL@hyphenbox=\box56
\UL@skip=\skip55
\UL@hook=\toks24
\UL@height=\dimen158
\UL@pe=\count279
\UL@pixel=\dimen159
\ULC@box=\box57
Package: ulem 2019/11/18
\ULdepth=\dimen160
)
(/usr/share/texmf-dist/tex/latex/parskip/parskip.sty
Package: parskip 2021-03-14 v2.0h non-zero parskip adjustments

(/usr/share/texmf-dist/tex/latex/kvoptions/kvoptions.sty
Package: kvoptions 2020-10-07 v3.14 Key value format for package options (HO)

(/usr/share/texmf-dist/tex/generic/ltxcmds/ltxcmds.sty
Package: ltxcmds 2020-05-10 v1.25 LaTeX kernel commands for general use (HO)
)
(/usr/share/texmf-dist/tex/generic/kvsetkeys/kvsetkeys.sty
Package: kvsetkeys 2019/12/15 v1.18 Key value parser (HO)
))
(/usr/share/texmf-dist/tex/latex/etoolbox/etoolbox.sty
Package: etoolbox 2020/10/05 v2.5k e-TeX tools for LaTeX (JAW)
\etb@tempcnta=\count280
))
(/usr/share/texmf-dist/tex/latex/tools/array.sty
Package: array 2021/10/04 v2.5f Tabular extension package (FMi)
\col@sep=\dimen161
\ar@mcellbox=\box58
\extrarowheight=\dimen162
\NC@list=\toks25
\extratabsurround=\skip56
\backup@length=\skip57
\ar@cellbox=\box59
)
(/usr/share/texmf-dist/tex/latex/minted/minted.sty
Package: minted 2021/12/24 v2.6 Yet another Pygments shim for LaTeX

(/usr/share/texmf-dist/tex/latex/fvextra/fvextra.sty
Package: fvextra 2019/02/04 v1.4 fvextra - extensions and patches for fancyvrb

(/usr/share/texmf-dist/tex/latex/fancyvrb/fancyvrb.sty
Package: fancyvrb 2021/12/21 4.1b verbatim text (tvz,hv)
\FV@CodeLineNo=\count281
\FV@InFile=\read3
\FV@TabBox=\box60
\c@FancyVerbLine=\count282
\FV@StepNumber=\count283
\FV@OutFile=\write3
)
(/usr/share/texmf-dist/tex/latex/upquote/upquote.sty
Package: upquote 2012/04/19 v1.3 upright-quote and grave-accent glyphs in verba
tim
)
(/usr/share/texmf-dist/tex/latex/lineno/lineno.sty
Package: lineno 2005/11/02 line numbers on paragraphs v4.41
\linenopenalty=\count284
\output=\toks26
\linenoprevgraf=\count285
\linenumbersep=\dimen163
\linenumberwidth=\dimen164
\c@linenumber=\count286
\c@pagewiselinenumber=\count287
\c@LN@truepage=\count288
\c@internallinenumber=\count289
\c@internallinenumbers=\count290
\quotelinenumbersep=\dimen165
\bframerule=\dimen166
\bframesep=\dimen167
\bframebox=\box61
LaTeX Info: Redefining \\ on input line 3056.
)
\c@FV@TrueTabGroupLevel=\count291
\c@FV@TrueTabCounter=\count292
\FV@TabBox@Group=\box62
\FV@TmpLength=\skip58
\c@FV@HighlightLinesStart=\count293
\c@FV@HighlightLinesStop=\count294
\FV@LoopCount=\count295
\FV@NCharsBox=\box63
\FV@BreakIndent=\dimen168
\FV@BreakIndentNChars=\count296
\FV@BreakSymbolSepLeft=\dimen169
\FV@BreakSymbolSepLeftNChars=\count297
\FV@BreakSymbolSepRight=\dimen170
\FV@BreakSymbolSepRightNChars=\count298
\FV@BreakSymbolIndentLeft=\dimen171
\FV@BreakSymbolIndentLeftNChars=\count299
\FV@BreakSymbolIndentRight=\dimen172
\FV@BreakSymbolIndentRightNChars=\count300
\c@FancyVerbLineBreakLast=\count301
\FV@LineBox=\box64
\FV@LineIndentBox=\box65
\FV@LineWidth=\dimen173
)
(/usr/share/texmf-dist/tex/latex/tools/shellesc.sty
Package: shellesc 2019/11/08 v1.0c unified shell escape interface for LaTeX
Package shellesc Info: Unrestricted shell escape enabled on input line 75.
)
(/usr/share/texmf-dist/tex/latex/ifplatform/ifplatform.sty
Package: ifplatform 2017/10/13 v0.4a Testing for the operating system

(/usr/share/texmf-dist/tex/generic/pdftexcmds/pdftexcmds.sty
Package: pdftexcmds 2020-06-27 v0.33 Utility functions of pdfTeX for LuaTeX (HO
)

(/usr/share/texmf-dist/tex/generic/infwarerr/infwarerr.sty
Package: infwarerr 2019/12/03 v1.5 Providing info/warning/error messages (HO)
)
Package pdftexcmds Info: \pdf@primitive is available.
Package pdftexcmds Info: \pdf@ifprimitive is available.
Package pdftexcmds Info: \pdfdraftmode found.
)
(/usr/share/texmf-dist/tex/generic/catchfile/catchfile.sty
Package: catchfile 2019/12/09 v1.8 Catch the contents of a file (HO)

(/usr/share/texmf-dist/tex/generic/etexcmds/etexcmds.sty
Package: etexcmds 2019/12/15 v1.7 Avoid name clashes with e-TeX commands (HO)
))
(/usr/share/texmf-dist/tex/generic/iftex/ifluatex.sty
Package: ifluatex 2019/10/25 v1.5 ifluatex legacy package. Use iftex instead.
)
runsystem(uname -s > "master.w18")...executed.

 (./master.w18)
runsystem(rm -- "master.w18")...executed.

)
(/usr/share/texmf-dist/tex/generic/xstring/xstring.sty
(/usr/share/texmf-dist/tex/generic/xstring/xstring.tex
\integerpart=\count302
\decimalpart=\count303
)
Package: xstring 2021/07/21 v1.84 String manipulations (CT)
)
(/usr/share/texmf-dist/tex/latex/framed/framed.sty
Package: framed 2011/10/22 v 0.96: framed or shaded text with page breaks
\OuterFrameSep=\skip59
\fb@frw=\dimen174
\fb@frh=\dimen175
\FrameRule=\dimen176
\FrameSep=\dimen177
)
(/usr/share/texmf-dist/tex/latex/float/float.sty
Package: float 2001/11/08 v1.3d Float enhancements (AL)
\c@float@type=\count304
\float@exts=\toks27
\float@box=\box66
\@float@everytoks=\toks28
\@floatcapt=\box67
)
\minted@appexistsfile=\read4
\minted@bgbox=\box68
\minted@code=\write4
\c@minted@FancyVerbLineTemp=\count305
\c@minted@pygmentizecounter=\count306
\@float@every@listing=\toks29
\c@listing=\count307
)
runsystem(mkdir -p _minted-master)...executed.

)
runsystem(which pygmentize && touch master.aex)...executed.

runsystem(rm master.aex)...executed.

 (./master.aux
(./cheatsheet.aux

LaTeX Warning: Label `sub:structuur' multiply defined.


LaTeX Warning: Label `sub:structuur' multiply defined.

) (./00_google_hack.aux) (./01_wenskaart.aux))
\openout1 = `master.aux'.

LaTeX Font Info:    Checking defaults for OML/cmm/m/it on input line 9.
LaTeX Font Info:    ... okay on input line 9.
LaTeX Font Info:    Checking defaults for OMS/cmsy/m/n on input line 9.
LaTeX Font Info:    ... okay on input line 9.
LaTeX Font Info:    Checking defaults for OT1/cmr/m/n on input line 9.
LaTeX Font Info:    ... okay on input line 9.
LaTeX Font Info:    Checking defaults for T1/cmr/m/n on input line 9.
LaTeX Font Info:    ... okay on input line 9.
LaTeX Font Info:    Checking defaults for TS1/cmr/m/n on input line 9.
LaTeX Font Info:    ... okay on input line 9.
LaTeX Font Info:    Checking defaults for OMX/cmex/m/n on input line 9.
LaTeX Font Info:    ... okay on input line 9.
LaTeX Font Info:    Checking defaults for U/cmr/m/n on input line 9.
LaTeX Font Info:    ... okay on input line 9.

(/usr/share/texmf-dist/tex/context/base/mkii/supp-pdf.mkii
[Loading MPS to PDF converter (version 2006.09.02).]
\scratchcounter=\count308
\scratchdimen=\dimen178
\scratchbox=\box69
\nofMPsegments=\count309
\nofMParguments=\count310
\everyMPshowfont=\toks30
\MPscratchCnt=\count311
\MPscratchDim=\dimen179
\MPnumerator=\count312
\makeMPintoPDFobject=\count313
\everyMPtoPDFconversion=\toks31
) (/usr/share/texmf-dist/tex/latex/epstopdf-pkg/epstopdf-base.sty
Package: epstopdf-base 2020-01-24 v2.11 Base part for package epstopdf
Package epstopdf-base Info: Redefining graphics rule for `.eps' on input line 4
85.

(/usr/share/texmf-dist/tex/latex/latexconfig/epstopdf-sys.cfg
File: epstopdf-sys.cfg 2010/07/13 v1.3 Configuration of (r)epstopdf for TeX Liv
e
))
(/usr/share/texmf-dist/tex/latex/pdflscape/pdflscape.sty
Package: pdflscape 2019/12/05 v0.12 Display of landscape pages in PDF (HO)

(/usr/share/texmf-dist/tex/latex/graphics/lscape.sty
Package: lscape 2020/05/28 v3.02 Landscape Pages (DPC)
)
Package pdflscape Info: Auto-detected driver: pdftex on input line 81.
)
LaTeX Font Info:    Trying to load font information for U+msa on input line 10.


(/usr/share/texmf-dist/tex/latex/amsfonts/umsa.fd
File: umsa.fd 2013/01/14 v3.01 AMS symbols A
)
LaTeX Font Info:    Trying to load font information for U+msb on input line 10.


(/usr/share/texmf-dist/tex/latex/amsfonts/umsb.fd
File: umsb.fd 2013/01/14 v3.01 AMS symbols B
) [1


{/var/lib/texmf/fonts/map/pdftex/updmap/pdftex.map}]
\openout2 = `cheatsheet.aux'.

 (./cheatsheet.tex [2


]
Hoofdstuk 1.
(./_minted-master/default.pygstyle)
(./_minted-master/259591C838A62160FFC4B7194F4B42C05064AA836384657A393EE961593D3
2DC.pygtex
LaTeX Font Info:    Font shape `OT1/cmtt/bx/n' in size <12> not available
(Font)              Font shape `OT1/cmtt/m/n' tried instead on input line 3.
)
\openout3 = `master.pyg'.


(./_minted-master/907F85BA417D63ED860BEAD703A4131734D05314397215EA51D51EE12C3D6
13E.pygtex)
\openout3 = `master.pyg'.


(./_minted-master/B5502B57396C66291FA200B3DE65CCAA34D05314397215EA51D51EE12C3D6
13E.pygtex) [3]
\openout3 = `master.pyg'.


(./_minted-master/1030FAACDA6828D7CD04A93FD59BF5B734D05314397215EA51D51EE12C3D6
13E.pygtex)
\openout3 = `master.pyg'.


(./_minted-master/F2725002FDB913B298DCDE5DB2D6B9C334D05314397215EA51D51EE12C3D6
13E.pygtex)
\openout3 = `master.pyg'.


(./_minted-master/8A6159C4241B4AAE4EDD46E0B8546B8534D05314397215EA51D51EE12C3D6
13E.pygtex)
(./_minted-master/BB25785C6C30D15D288EFF613B3F5ADA603D4C7C8974F12ECDACE260EAD00
BBC.pygtex [4]) [5]
\openout3 = `master.pyg'.


(./_minted-master/46E29BBD58F7BB1F8A41E94847C0878FFACC3473436FCC0307C27C04D61B1
673.pygtex)
\openout3 = `master.pyg'.


(./_minted-master/86AD4A0A0E16E67F378A4C2BFC95B44F34D05314397215EA51D51EE12C3D6
13E.pygtex)
\openout3 = `master.pyg'.


(./_minted-master/DCA2287E6A1083BFA784C7D831A6A78E34D05314397215EA51D51EE12C3D6
13E.pygtex [6])
\openout4 = `master.pyg'.


(./_minted-master/6842C1C1CDCEFD2FB6797EBC0300ACDA34D05314397215EA51D51EE12C3D6
13E.pygtex)
\openout4 = `master.pyg'.


(./_minted-master/398290BF42DFDCB2A5DC65DAC962FC92FACC3473436FCC0307C27C04D61B1
673.pygtex)
\openout4 = `master.pyg'.


(./_minted-master/CFE6B65008CC8820C2CA214ACBCE5CDF34D05314397215EA51D51EE12C3D6
13E.pygtex) [7]
LaTeX Font Info:    Trying to load font information for OMS+cmr on input line 1
79.
 (/usr/share/texmf-dist/tex/latex/base/omscmr.fd
File: omscmr.fd 2019/12/16 v2.5j Standard LaTeX font definitions
)
LaTeX Font Info:    Font shape `OMS/cmr/bx/n' in size <12> not available
(Font)              Font shape `OMS/cmsy/b/n' tried instead on input line 179.

Overfull \hbox (61.29158pt too wide) in paragraph at lines 179--181
[]\OT1/cmr/bx/n/12 margin-\OMS/cmsy/b/n/12 f\OT1/cmr/bx/n/12 left,top,right,bot
tom\OMS/cmsy/b/n/12 g\OT1/cmr/m/n/12 : mi-ni-male af-stand van links,boven,rech
ts,onder 
 []


Overfull \hbox (105.21478pt too wide) in paragraph at lines 181--183
[]\OT1/cmr/bx/n/12 padding-\OMS/cmsy/b/n/12 f\OT1/cmr/bx/n/12 left,top,right,bo
ttom\OMS/cmsy/b/n/12 g\OT1/cmr/m/n/12 : mi-ni-male in-terne af-stand van links,
boven,rechts,onder 
 []


Overfull \hbox (9.7826pt too wide) in paragraph at lines 192--194
[]\OT1/cmr/bx/n/12 Kleurnaam\OT1/cmr/m/n/12 : red (rood), green (groen), blue (
blauw), black (zwart),
 []


Overfull \hbox (3.89732pt too wide) in paragraph at lines 194--196
[]\OT1/cmr/bx/n/12 rgb(0-255, 0-255, 0-255)\OT1/cmr/m/n/12 : Kleur sa-men-stel-
len uit r(ood), g(roen)
 []

\openout3 = `master.pyg'.


(./_minted-master/70140A28C64940B4D6DBBBD27407E86434D05314397215EA51D51EE12C3D6
13E.pygtex [8])
\openout3 = `master.pyg'.


(./_minted-master/85D45244DC8FF81C2B36B181912274A0287F03DE0726FDC55D1998E5652C2
FE8.pygtex)
\openout3 = `master.pyg'.


(./_minted-master/744D343AE07844FB1E6B063604F0B6BA287F03DE0726FDC55D1998E5652C2
FE8.pygtex)
\openout4 = `master.pyg'.


(./_minted-master/F3A2A427C0020A4AF9259B4115EB8DA3287F03DE0726FDC55D1998E5652C2
FE8.pygtex) [9]
\openout4 = `master.pyg'.


(./_minted-master/B80FA55B1234F1935CEA559D9EFBC39A287F03DE0726FDC55D1998E5652C2
FE8.pygtex)
\openout4 = `master.pyg'.


(./_minted-master/455B837C0F36C608DDA09E0975EE9B28287F03DE0726FDC55D1998E5652C2
FE8.pygtex)
\openout4 = `master.pyg'.


(./_minted-master/3108A275C2AD15DFC90F9DF4F56E11F7287F03DE0726FDC55D1998E5652C2
FE8.pygtex)
\openout4 = `master.pyg'.


(./_minted-master/8BB75419794B51D4165FA00124D351C8287F03DE0726FDC55D1998E5652C2
FE8.pygtex)
Overfull \hbox (6.94272pt too wide) in paragraph at lines 1--277
[][] \OT1/cmr/m/n/12 (waar of niet waar): Kan slechts 2 waar-den be-vat-ten: []
. 
 []

\openout4 = `master.pyg'.


(./_minted-master/A7CF24F7419FD981D559528C30EB815F287F03DE0726FDC55D1998E5652C2
FE8.pygtex)
\openout4 = `master.pyg'.


(./_minted-master/0517D202527D5CACA1601B06F25A6CB0287F03DE0726FDC55D1998E5652C2
FE8.pygtex)
\openout4 = `master.pyg'.


(./_minted-master/2224CAFFA98B46DA55ED4131B01A9989287F03DE0726FDC55D1998E5652C2
FE8.pygtex)
\openout4 = `master.pyg'.


(./_minted-master/683B734C32A67F9343935BBD642A864F287F03DE0726FDC55D1998E5652C2
FE8.pygtex)
\openout4 = `master.pyg'.


(./_minted-master/5B3AAB5FD70EB676EFB9574F48E5708C287F03DE0726FDC55D1998E5652C2
FE8.pygtex)
\openout3 = `master.pyg'.


(./_minted-master/77F04B38A413AF5A620B01A23024275A287F03DE0726FDC55D1998E5652C2
FE8.pygtex)
\openout3 = `master.pyg'.


(./_minted-master/4FA3458CA2F1ED64D313A2759236EDF8287F03DE0726FDC55D1998E5652C2
FE8.pygtex)
\openout3 = `master.pyg'.


(./_minted-master/6FD5191B43E65E480351FD3136B5AFE6287F03DE0726FDC55D1998E5652C2
FE8.pygtex)
\openout3 = `master.pyg'.


(./_minted-master/2A1FEBAD9C17978FD53B81D15940DD19287F03DE0726FDC55D1998E5652C2
FE8.pygtex [10])
\openout3 = `master.pyg'.


(./_minted-master/88DC5835EBDC8D3B9AE722759F8A6570287F03DE0726FDC55D1998E5652C2
FE8.pygtex)
\openout3 = `master.pyg'.


(./_minted-master/51510E878407F8E6311CB0F21CE56A82287F03DE0726FDC55D1998E5652C2
FE8.pygtex)
\openout3 = `master.pyg'.


(./_minted-master/EEB59F92674779502D17674B42BFE33E287F03DE0726FDC55D1998E5652C2
FE8.pygtex [11])
\openout4 = `master.pyg'.


(./_minted-master/4ADB5FAE002B16C059ABEA038130944D287F03DE0726FDC55D1998E5652C2
FE8.pygtex)
\openout3 = `master.pyg'.


(./_minted-master/1C67F5221306A95C32AB48F7ECADBC8D287F03DE0726FDC55D1998E5652C2
FE8.pygtex)) [12]
\openout2 = `00_google_hack.aux'.

 (./00_google_hack.tex
Hoofdstuk 2.
) [13




]
\openout2 = `01_wenskaart.aux'.

 (./01_wenskaart.tex
\openout3 = `master.pyg'.


(./_minted-master/5D7C842A6A44986C1CF7BBD788976EAD287F03DE0726FDC55D1998E5652C2
FE8.pygtex)) [14



] (./master.aux (./cheatsheet.aux) (./00_google_hack.aux)
(./01_wenskaart.aux))

LaTeX Warning: There were multiply-defined labels.

runsystem(rm master.pyg)...executed.

 ) 
Here is how much of TeX's memory you used:
 9890 strings out of 478353
 186088 string characters out of 5854635
 528922 words of memory out of 5000000
 27714 multiletter control sequences out of 15000+600000
 410186 words of font info for 53 fonts, out of 8000000 for 9000
 1141 hyphenation exceptions out of 8191
 81i,6n,82p,599b,566s stack positions out of 5000i,500n,10000p,200000b,80000s
{/usr/share/texmf-dist/fonts/enc/dvips/cm-super/cm-super-ts1.enc}</usr/share/
texmf-dist/fonts/type1/public/amsfonts/cm/cmbsy10.pfb></usr/share/texmf-dist/fo
nts/type1/public/amsfonts/cm/cmbx12.pfb></usr/share/texmf-dist/fonts/type1/publ
ic/amsfonts/cm/cmitt10.pfb></usr/share/texmf-dist/fonts/type1/public/amsfonts/c
m/cmr12.pfb></usr/share/texmf-dist/fonts/type1/public/amsfonts/cm/cmr17.pfb></u
sr/share/texmf-dist/fonts/type1/public/amsfonts/cm/cmsl12.pfb></usr/share/texmf
-dist/fonts/type1/public/amsfonts/cm/cmti12.pfb></usr/share/texmf-dist/fonts/ty
pe1/public/amsfonts/cm/cmtt12.pfb></usr/share/texmf-dist/fonts/type1/public/cm-
super/sfrm1200.pfb>
Output written on master.pdf (14 pages, 131585 bytes).
PDF statistics:
 96 PDF objects out of 1000 (max. 8388607)
 61 compressed objects within 1 object stream
 0 named destinations out of 1000 (max. 500000)
 1 words of extra memory for PDF output out of 10000 (max. 10000000)

